<?xml version="1.0" encoding="UTF-8"?>
<!-- Generated by org.testng.reporters.JUnitReportReporter -->
<testsuite hostname="PunitRanjan2105" failures="0" tests="2" name="TestRunner.CucumberLoginRunner" time="19.225" errors="0" timestamp="2024-02-11T16:00:35 IST" skipped="0">
  <testcase classname="TestRunner.CucumberLoginRunner" name="runScenario" time="10.784"/>
  <testcase classname="TestRunner.CucumberLoginRunner" name="runScenario" time="8.441"/>
</testsuite> <!-- TestRunner.CucumberLoginRunner -->
