<?xml version="1.0" encoding="UTF-8"?>
<!-- Generated by org.testng.reporters.JUnitReportReporter -->
<testsuite hostname="PunitRanjan2105" failures="0" tests="2" name="TestRunner.CucumberLoginRunnerFeatures2" time="0.149" errors="0" timestamp="2024-02-11T09:50:41 IST" skipped="0">
  <testcase classname="TestRunner.CucumberLoginRunnerFeatures2" name="runScenario" time="0.136"/>
  <testcase classname="TestRunner.CucumberLoginRunnerFeatures2" name="runScenario" time="0.013"/>
</testsuite> <!-- TestRunner.CucumberLoginRunnerFeatures2 -->
